<?xml version="1.0" encoding="UTF-8"?>
<!-- Generated by org.testng.reporters.JUnitXMLReporter -->
<testsuite ignored="2" hostname="DESKTOP-332RHEK" failures="0" tests="2" name="Default test" time="2.835" errors="0" timestamp="2024-02-26T16:26:58 GST">
  <testcase classname="swaglap.TestSwagLap" name="MyFirstSetUp" time="0.411"/>
  <testcase classname="swaglap.TestSwagLap" name="AddAllItemsToCart" time="0.397"/>
  <testcase classname="swaglap.TestSwagLap" name="PrintTheFirstItem" time="0.0">
    <ignored/>
  </testcase> <!-- PrintTheFirstItem -->
  <testcase classname="swaglap.TestSwagLap" name="PrintTheAllItems" time="0.0">
    <ignored/>
  </testcase> <!-- PrintTheAllItems -->
</testsuite> <!-- Default test -->
